d:\桌面文件\我的文档\visual studio 2015\projects\bianyi\bianyi\debug\vc140.pdb
d:\桌面文件\我的文档\visual studio 2015\projects\bianyi\bianyi\debug\vc140.idb
d:\桌面文件\我的文档\visual studio 2015\projects\bianyi\bianyi\debug\source.obj
d:\桌面文件\我的文档\visual studio 2015\projects\bianyi\bianyi\debug\source1.obj
d:\桌面文件\我的文档\visual studio 2015\projects\bianyi\bianyi\debug\hash.obj
d:\桌面文件\我的文档\visual studio 2015\projects\bianyi\bianyi\debug\hashtable.obj
d:\桌面文件\我的文档\visual studio 2015\projects\bianyi\bianyi\debug\exp1.obj
d:\桌面文件\我的文档\visual studio 2015\projects\bianyi\bianyi\debug\exp1_1.obj
d:\桌面文件\我的文档\visual studio 2015\projects\bianyi\bianyi\debug\exp1_2.obj
d:\桌面文件\我的文档\visual studio 2015\projects\bianyi\bianyi\debug\exp2.obj
d:\桌面文件\我的文档\visual studio 2015\projects\bianyi\bianyi\debug\scaning.obj
d:\桌面文件\我的文档\visual studio 2015\projects\bianyi\debug\bianyi.ilk
d:\桌面文件\我的文档\visual studio 2015\projects\bianyi\debug\bianyi.exe
d:\桌面文件\我的文档\visual studio 2015\projects\bianyi\debug\bianyi.pdb
d:\桌面文件\我的文档\visual studio 2015\projects\bianyi\bianyi\debug\bianyi.tlog\cl.command.1.tlog
d:\桌面文件\我的文档\visual studio 2015\projects\bianyi\bianyi\debug\bianyi.tlog\cl.read.1.tlog
d:\桌面文件\我的文档\visual studio 2015\projects\bianyi\bianyi\debug\bianyi.tlog\cl.write.1.tlog
d:\桌面文件\我的文档\visual studio 2015\projects\bianyi\bianyi\debug\bianyi.tlog\link-cvtres.read.1.tlog
d:\桌面文件\我的文档\visual studio 2015\projects\bianyi\bianyi\debug\bianyi.tlog\link-cvtres.write.1.tlog
d:\桌面文件\我的文档\visual studio 2015\projects\bianyi\bianyi\debug\bianyi.tlog\link-rc.read.1.tlog
d:\桌面文件\我的文档\visual studio 2015\projects\bianyi\bianyi\debug\bianyi.tlog\link-rc.write.1.tlog
d:\桌面文件\我的文档\visual studio 2015\projects\bianyi\bianyi\debug\bianyi.tlog\link.14352-cvtres.read.1.tlog
d:\桌面文件\我的文档\visual studio 2015\projects\bianyi\bianyi\debug\bianyi.tlog\link.14352-cvtres.write.1.tlog
d:\桌面文件\我的文档\visual studio 2015\projects\bianyi\bianyi\debug\bianyi.tlog\link.14352-rc.read.1.tlog
d:\桌面文件\我的文档\visual studio 2015\projects\bianyi\bianyi\debug\bianyi.tlog\link.14352-rc.write.1.tlog
d:\桌面文件\我的文档\visual studio 2015\projects\bianyi\bianyi\debug\bianyi.tlog\link.14352.read.1.tlog
d:\桌面文件\我的文档\visual studio 2015\projects\bianyi\bianyi\debug\bianyi.tlog\link.14352.write.1.tlog
d:\桌面文件\我的文档\visual studio 2015\projects\bianyi\bianyi\debug\bianyi.tlog\link.command.1.tlog
d:\桌面文件\我的文档\visual studio 2015\projects\bianyi\bianyi\debug\bianyi.tlog\link.read.1.tlog
d:\桌面文件\我的文档\visual studio 2015\projects\bianyi\bianyi\debug\bianyi.tlog\link.write.1.tlog
